"Crm Cd",LAT,LON
510,34.0375,-118.3506
330,34.0444,-118.2628
480,34.021,-118.3002
343,34.1576,-118.4387
354,34.0944,-118.3277
354,33.9467,-118.2463
354,34.0415,-118.262
354,34.0335,-118.3537
354,33.9911,-118.2521
624,34.2336,-118.4535
354,33.9492,-118.2739
821,34.2285,-118.4258
812,34.0868,-118.2991
510,34.1939,-118.4859
810,34.0539,-118.2799
354,34.0103,-118.3456
354,33.9551,-118.2814
354,34.0112,-118.2716
230,34.0452,-118.3351
956,34.166,-118.5033
341,34.0608,-118.3359
341,34.0677,-118.552
812,34.2246,-118.4654
812,34.0433,-118.2892
510,34.082,-118.213
354,34.1938,-118.5906
930,34.1084,-118.2639
668,34.2105,-118.6157
354,33.9785,-118.3068
624,34.0474,-118.4635
354,33.9837,-118.3216
354,33.961,-118.2739
330,34.1192,-118.3004
420,34.0022,-118.4255
420,34.0697,-118.2779
930,33.9679,-118.2695
354,33.9587,-118.2882
354,34.174,-118.3638
354,34.0286,-118.1996
354,34.228,-118.4517
354,34.1776,-118.523
354,33.9739,-118.263
813,34.0541,-118.2621
812,34.174,-118.3878
354,34.0174,-118.2621
354,34.1585,-118.464
354,34.3194,-118.4518
310,34.103,-118.3402
354,34.0337,-118.2915
354,33.9717,-118.2827
903,34.1614,-118.379
341,33.7234,-118.2968
354,34.0552,-118.2675
354,34.2713,-118.415
354,34.1925,-118.3779
420,34.1146,-118.3607
440,34.1142,-118.2652
354,34.2648,-118.5055
354,34.0431,-118.3482
354,34.0395,-118.2093
354,34.0466,-118.259
354,34.103,-118.3225
341,34.0403,-118.2421
626,34.0596,-118.4233
440,34.244,-118.5583
330,34.1428,-118.2261
354,34.2394,-118.5112
354,34.307,-118.4521
762,33.9383,-118.2826
441,34.2442,-118.5362
354,34.2048,-118.5219
354,34.3054,-118.4681
310,33.9788,-118.4151
354,33.9636,-118.3068
812,34.1548,-118.3662
354,33.9993,-118.4397
420,34.1776,-118.3889
354,33.9332,-118.2485
354,33.9821,-118.3318
354,34.0325,-118.3639
930,34.0549,-118.4671
510,33.9547,-118.2717
420,33.9876,-118.4489
330,34.1412,-118.3681
956,34.0648,-118.2559
331,34.0191,-118.2977
354,33.9345,-118.2329
812,33.9921,-118.298
354,34.1887,-118.4313
354,34.1787,-118.5475
956,34.1484,-118.6033
626,34.0055,-118.2915
813,34.0301,-118.3636
330,34.2573,-118.463
510,34.2071,-118.3965
354,34.0394,-118.3541
354,34.1037,-118.2722
210,34.0473,-118.2827
662,34.2428,-118.5338
420,34.0951,-118.208
354,34.0744,-118.3711
626,34.167,-118.3686
354,34.1903,-118.4676
354,34.0016,-118.2878
330,34.0689,-118.2841
354,34.1,-118.2819
662,34.0453,-118.313
354,34.0218,-118.249
510,34.0238,-118.4095
354,34.2728,-118.4788
420,34.2265,-118.4699
354,34.0524,-118.2678
354,34.0928,-118.3136
354,33.9851,-118.2765
354,34.1631,-118.4074
860,34.1567,-118.368
236,34.057,-118.2508
820,33.9636,-118.2871
812,33.9994,-118.2696
812,33.8438,-118.3066
661,34.1162,-118.3738
354,34.163,-118.3774
810,34.002,-118.274
354,34.2141,-118.6157
354,34.2009,-118.5229
930,34.2452,-118.2855
354,33.9305,-118.2363
354,34.002,-118.2783
354,34.1464,-118.4294
354,33.9765,-118.2739
354,34.0672,-118.2954
901,34.2373,-118.4327
354,34.0438,-118.2547
354,34.0254,-118.2729
442,34.1576,-118.4389
812,34.2152,-118.4531
354,34.2865,-118.3976
740,34.0416,-118.255
354,34.0889,-118.331
812,34.0663,-118.2719
354,34.1698,-118.5386
354,34.1937,-118.599
341,34.0524,-118.2842
354,34.0565,-118.2724
946,33.9401,-118.2761
354,34.0838,-118.3584
354,34.061,-118.2615
440,33.9601,-118.2768
310,34.0745,-118.3742
354,33.9722,-118.2696
761,34.2012,-118.5133
626,34.2204,-118.5579
440,33.9775,-118.4065
354,33.9423,-118.2916
649,34.0231,-118.2039
354,34.1889,-118.5905
354,33.9951,-118.3102
331,33.7421,-118.3102
354,34.0664,-118.4397
626,34.2412,-118.4558
354,34.1864,-118.4159
440,33.9633,-118.2871
310,33.958,-118.317
354,34.2586,-118.5169
354,34.0783,-118.3498
354,33.727,-118.2946
354,34.1559,-118.4629
354,34.1896,-118.5515
510,34.017,-118.2643
354,33.9773,-118.3279
354,33.9482,-118.2541
662,33.777,-118.2648
510,34.1958,-118.5399
845,34.0108,-118.3135
812,34.0301,-118.3636
956,33.9619,-118.2717
354,34.1016,-118.3361
354,33.9647,-118.2586
956,33.9921,-118.4692
668,34.0537,-118.2523
440,34.0744,-118.3711
662,34.0836,-118.3753
354,34.0736,-118.3498
310,34.1548,-118.4487
330,34.1961,-118.4793
354,34.1958,-118.5399
354,34.221,-118.5186
121,34.0468,-118.1964
354,34.001,-118.3002
626,34.1037,-118.3459
745,34.0845,-118.2726
354,33.944,-118.3123
354,34.1867,-118.4487
354,34.0582,-118.3031
626,34.0726,-118.3029
354,34.0545,-118.3031
624,33.96,-118.2986
354,34.0419,-118.3572
354,34.0021,-118.2541
354,34.2573,-118.5273
510,34.0953,-118.2974
946,34.0711,-118.1643
354,34.115,-118.2416
813,34.2276,-118.45
820,33.9528,-118.2827
649,34.214,-118.3616
624,34.2854,-118.5601
354,34.0048,-118.2599
354,33.9797,-118.3294
627,34.2337,-118.4553
210,34.0337,-118.2533
354,33.737,-118.2879
354,34.0289,-118.2686
860,34.0993,-118.2837
653,33.8201,-118.3015
354,34.0309,-118.4147
946,34.1763,-118.4013
821,33.9721,-118.2608
354,34.0944,-118.3352
230,33.7279,-118.299
420,34.0499,-118.2725
354,34.0268,-118.2619
354,34.0209,-118.21
354,34.0168,-118.2558
626,33.9431,-118.401
354,34.0857,-118.1655
440,34.2213,-118.4809
845,33.9401,-118.2761
230,34.1032,-118.3387
354,34.1681,-118.3704
310,34.2283,-118.4286
354,34.0453,-118.2864
354,33.9347,-118.2848
662,34.0515,-118.3219
354,34.2278,-118.3622
354,34.0484,-118.4544
649,34.0917,-118.3244
354,34.166,-118.5033
354,33.9817,-118.3279
354,33.9746,-118.3188
928,33.9765,-118.2789
510,33.791,-118.2469
354,34.0692,-118.3472
341,34.2675,-118.6005
354,33.997,-118.2871
354,34.0128,-118.3447
627,33.8201,-118.3015
624,34.117,-118.2717
354,33.9728,-118.3046
510,33.9774,-118.2827
354,33.9509,-118.2546
310,34.0659,-118.1802
121,34.0555,-118.3762
230,34.1522,-118.3593
354,34.0446,-118.3003
354,33.9833,-118.2765
624,34.1732,-118.6152
354,34.0332,-118.3375
354,34.3131,-118.4632
812,34.0767,-118.2791
210,33.9502,-118.2673
354,34.1039,-118.3297
480,33.9779,-118.4142
121,33.9428,-118.2781
354,34.0587,-118.2678
813,34.2589,-118.6137
354,33.934,-118.2498
354,34.1047,-118.2687
956,34.0925,-118.3288
354,34.2397,-118.3661
354,34.0559,-118.2868
649,34.2319,-118.4633
812,34.0028,-118.3068
354,34.0672,-118.3028
354,33.9861,-118.2696
354,34.0349,-118.2436
121,34.0228,-118.3156
930,34.0587,-118.4158
354,34.0456,-118.2789
354,34.0387,-118.2786
956,34.0578,-118.3628
354,34.1818,-118.5676
121,34.2865,-118.4161
815,34.2266,-118.4553
810,34.2758,-118.4052
121,34.0509,-118.2642
331,34.039,-118.5262
626,33.9962,-118.4694
354,34.0495,-118.2459
820,34.321,-118.4381
820,34.0102,-118.3404
354,34.0908,-118.3012
860,34.0445,-118.2116
956,33.7845,-118.2714
740,33.9801,-118.2914
354,33.9869,-118.4301
354,34.239,-118.4618
815,34.0535,-118.2491
354,34.016,-118.346
940,34.1938,-118.571
946,34.0094,-118.3231
946,34.1094,-118.1963
625,34.1721,-118.3965
354,34.2249,-118.4344
310,34.0944,-118.319
310,34.1649,-118.4661
354,34.1635,-118.4411
341,34.0448,-118.5277
354,34.2191,-118.5771
331,34.212,-118.534
354,34.2799,-118.5818
624,33.7379,-118.3012
354,34.0537,-118.3327
354,34.0037,-118.2938
510,33.7694,-118.2955
341,34.0342,-118.2496
815,34.2181,-118.4664
956,34.0363,-118.2762
820,33.9305,-118.2363
662,34.0592,-118.2414
668,34.0595,-118.2451
330,34.0415,-118.262
845,33.9891,-118.3167
236,34.1649,-118.3665
354,33.9953,-118.2872
354,34.0994,-118.3727
354,34.0683,-118.3451
354,33.9347,-118.2761
354,33.993,-118.2446
956,34.0425,-118.445
812,34.1902,-118.5335
626,34.1939,-118.4313
331,34.0484,-118.2724
354,34.1,-118.3033
354,34.2558,-118.4275
354,34.0889,-118.3266
354,34.2429,-118.3887
121,34.0464,-118.1933
354,34.0499,-118.368
745,34.296,-118.5502
813,34.2659,-118.4058
812,34.0587,-118.2891
956,34.293,-118.5599
354,34.0473,-118.2865
330,34.0926,-118.3245
626,33.7261,-118.2858
354,34.0242,-118.4183
354,34.0175,-118.346
352,34.2035,-118.6294
815,34.2838,-118.3933
812,34.0663,-118.2719
330,33.9818,-118.3168
354,34.2468,-118.5233
354,34.0625,-118.3104
354,33.995,-118.3204
354,34.0002,-118.2521
354,33.7431,-118.2821
648,34.2862,-118.4133
354,34.0424,-118.3467
354,34.0309,-118.3015
341,34.288,-118.5797
354,34.0408,-118.4479
354,34.1212,-118.2672
626,33.9978,-118.2915
510,33.9747,-118.2587
354,34.0055,-118.3113
845,33.7795,-118.2715
940,34.1848,-118.4675
354,34.0823,-118.2755
860,34.2057,-118.3878
354,34.1684,-118.4423
886,33.9876,-118.4489
121,33.9694,-118.2608
820,34.1325,-118.3974
354,34.0537,-118.3327
510,33.9456,-118.3932
930,34.0118,-118.4365
330,33.7911,-118.2849
354,33.9859,-118.3002
354,34.2299,-118.6033
354,33.9762,-118.309
354,34.0721,-118.2785
310,34.0881,-118.1877
666,33.9806,-118.3352
956,34.245,-118.4579
662,34.0306,-118.4209
354,34.17,-118.3594
668,34.1613,-118.4917
921,33.9824,-118.2827
354,34.2022,-118.4837
930,33.9983,-118.2802
510,34.0145,-118.2658
956,34.0998,-118.3295
121,34.0401,-118.2633
310,34.0667,-118.2857
354,34.1829,-118.6077
626,34.0443,-118.3354
930,34.1749,-118.5308
354,34.1732,-118.6019
354,34.1212,-118.2672
420,34.2084,-118.5347
820,34.2231,-118.4553
354,34.0911,-118.3932
440,33.9888,-118.3089
330,34.0198,-118.3522
354,34.0405,-118.4633
845,34.118,-118.2489
354,34.028,-118.284
354,34.001,-118.274
354,33.9942,-118.274
354,34.069,-118.3104
236,34.2282,-118.5885
510,34.2083,-118.619
354,34.2021,-118.5109
354,34.193,-118.3889
510,34.0037,-118.3294
331,34.0261,-118.3248
354,34.2554,-118.4169
354,33.9824,-118.309
354,34.1939,-118.39
341,34.0057,-118.2669
813,34.2369,-118.4675
354,33.9323,-118.2502
354,33.9573,-118.2629
442,34.1061,-118.4637
740,33.9698,-118.2739
354,34.2105,-118.402
310,34.0435,-118.4565
121,33.9689,-118.2739
932,34.1939,-118.5317
352,34.0582,-118.2387
420,34.1938,-118.5884
341,34.0637,-118.3562
624,34.0569,-118.2842
354,34.1504,-118.3631
810,34.2758,-118.4052
354,34.2103,-118.3671
624,34.0944,-118.318
354,34.1362,-118.342
845,34.118,-118.2489
354,34.0496,-118.3791
354,34.0054,-118.2827
354,34.0161,-118.3547
354,34.1847,-118.5441
354,33.9883,-118.3024
440,34.0504,-118.3296
354,34.163,-118.3774
480,34.0364,-118.4346
354,33.9519,-118.3025
354,34.0146,-118.3301
510,34.0544,-118.2767
341,34.0871,-118.4722
354,34.2352,-118.4339
354,34.1058,-118.3289
354,33.9811,-118.3226
354,34.1885,-118.5089
900,34.061,-118.2615
649,34.25,-118.603
331,34.023,-118.2765
354,34.1847,-118.4443
440,34.1837,-118.4443
420,34.055,-118.2321
354,34.104,-118.3755
354,34.0103,-118.3341
354,33.9665,-118.263
354,34.0495,-118.4609
930,34.0464,-118.2721
668,33.9472,-118.3909
956,33.9873,-118.3167
820,34.2121,-118.3856
668,34.063,-118.3614
354,34.0447,-118.2075
354,34.0605,-118.2814
121,34.2215,-118.4507
354,34.0453,-118.2499
354,33.9409,-118.3102
341,34.2271,-118.4503
354,33.9374,-118.2739
946,34.1004,-118.3414
352,34.0181,-118.2846
956,34.2624,-118.5908
649,34.0736,-118.217
354,34.2198,-118.4201
946,34.1667,-118.402
956,33.8234,-118.3038
662,34.0885,-118.3092
815,33.9797,-118.2766
354,34.2449,-118.5361
354,34.2231,-118.5098
440,33.9793,-118.4139
745,33.9491,-118.2893
420,34.1975,-118.4662
510,34.201,-118.399
354,34.2822,-118.4912
354,34.0871,-118.3511
810,34.0057,-118.2581
627,34.1939,-118.4313
354,34.0888,-118.2881
354,33.9992,-118.274
354,34.069,-118.3029
510,34.0423,-118.2453
310,34.0354,-118.4459
761,33.9688,-118.2894
745,34.091,-118.2277
812,34.1085,-118.2011
420,34.079,-118.2758
354,34.1731,-118.5239
649,34.056,-118.2929
354,34.0743,-118.4776
121,33.9645,-118.3825
354,34.0889,-118.3244
354,33.7279,-118.2924
354,33.9939,-118.3126
668,34.0431,-118.3692
354,34.0424,-118.4305
354,33.9465,-118.2766
510,33.993,-118.2446
354,33.9406,-118.2336
354,34.0446,-118.2507
956,33.9611,-118.2917
121,33.9492,-118.2827
341,34.0455,-118.2432
354,34.1938,-118.5415
662,33.9785,-118.2919
354,33.9951,-118.3089
354,34.1887,-118.4313
354,33.7324,-118.2858
354,34.1686,-118.4443
354,34.0171,-118.3531
354,34.055,-118.3733
903,34.1576,-118.3921
510,34.1812,-118.4356
745,34.2345,-118.4643
310,34.1718,-118.5338
812,34.3082,-118.4441
626,34.2649,-118.5791
236,34.0727,-118.2942
354,34.1958,-118.4203
510,34.1681,-118.379
310,34.0944,-118.319
354,34.2035,-118.5579
310,34.0418,-118.2852
956,33.7915,-118.3043
354,33.9315,-118.2349
354,34.0557,-118.3406
354,33.7225,-118.3013
236,34.1622,-118.3943
354,34.1797,-118.4014
354,34.2336,-118.4517
354,33.9599,-118.4237
354,34.1899,-118.4189
354,33.9872,-118.3277
812,34.2132,-118.5754
354,34.145,-118.3768
330,33.8696,-118.2863
354,33.9814,-118.3068
956,34.1938,-118.5906
668,34.0571,-118.3967
627,33.9636,-118.2871
624,33.9949,-118.4089
354,33.9472,-118.2739
354,0,0
354,34.1312,-118.1997
121,34.0535,-118.2491
354,33.9738,-118.2739
510,34.0577,-118.2134
341,34.2312,-118.3903
354,34.0435,-118.2471
354,33.979,-118.3112
354,34.0554,-118.2789
354,33.9781,-118.3338
354,34.2377,-118.5156
354,34.3129,-118.4438
354,33.9292,-118.2604
900,34.0499,-118.2879
354,34.0531,-118.2738
626,34.1613,-118.4008
886,33.988,-118.4703
354,33.9518,-118.2554
901,34.1917,-118.4389
813,33.9446,-118.2391
956,33.7978,-118.2999
354,34.1904,-118.6059
354,33.975,-118.3713
845,34.0448,-118.2474
930,34.0682,-118.2663
354,34.2537,-118.421
354,34.1667,-118.3702
354,34.2572,-118.5929
420,33.9708,-118.2827
956,34.0755,-118.5479
236,34.2589,-118.5006
354,34.1956,-118.6015
815,34.2808,-118.396
354,34.0438,-118.2416
510,34.1812,-118.3817
310,33.9598,-118.3962
626,34.145,-118.3725
354,33.9752,-118.3772
354,34.1797,-118.4014
121,34.1794,-118.5557
420,34.061,-118.2615
626,34.0737,-118.3029
440,34.0453,-118.2443
740,34.1568,-118.4864
310,33.9994,-118.3108
341,34.2243,-118.507
354,34.1558,-118.3943
354,34.0721,-118.2723
354,34.1774,-118.5308
354,33.7424,-118.2836
354,34.113,-118.3473
813,34.0605,-118.2695
121,34.1822,-118.4836
510,34.0575,-118.3599
310,34.1649,-118.3921
354,33.9423,-118.287
354,34.051,-118.248
662,34.2485,-118.4965
845,33.9334,-118.2886
354,34.2224,-118.606
354,33.9736,-118.2858
510,34.0598,-118.2954
354,34.0648,-118.2708
810,34.306,-118.4413
354,34.2471,-118.401
812,34.0509,-118.2968
439,33.7206,-118.2916
956,34.2086,-118.6121
354,34.2677,-118.4269
442,34.0617,-118.3066
354,34.0265,-118.4184
354,34.0672,-118.3028
354,34.1683,-118.6007
121,34.095,-118.307
815,34.2272,-118.5471
860,34.2248,-118.5151
624,33.9943,-118.408
901,34.1947,-118.5737
354,34.0092,-118.29
121,34.0627,-118.3593
354,34.0875,-118.2319
510,34.1803,-118.4204
354,34.2071,-118.4298
626,33.8498,-118.2929
354,34.059,-118.2824
354,34.1658,-118.6273
354,33.9735,-118.3046
354,34.1403,-118.3848
354,34.0388,-118.2677
354,33.9487,-118.2392
624,33.9781,-118.4644
668,34.1766,-118.4589
860,34.0966,-118.3049
354,34.0215,-118.441
812,34.0248,-118.2139
354,34.1721,-118.4053
354,34.0531,-118.3524
354,33.9853,-118.3464
354,34.0094,-118.3231
354,34.25,-118.5798
900,34.0992,-118.3414
354,33.7915,-118.3077
121,34.0535,-118.2491
354,33.9501,-118.2739
354,34.0453,-118.2197
930,33.999,-118.3133
354,34.0648,-118.2559
354,33.9727,-118.3299
354,33.945,-118.2413
354,34.0523,-118.2699
354,34.1948,-118.5253
510,33.828,-118.3038
354,34.0243,-118.1931
354,34.2029,-118.5928
510,34.0768,-118.2228
121,34.0225,-118.2702
354,34.019,-118.2606
354,34.2273,-118.3686
354,34.2193,-118.6322
330,33.9678,-118.3742
653,33.7926,-118.2586
440,34.0362,-118.2199
341,33.9709,-118.3035
354,34.0183,-118.3536
354,34.2539,-118.2843
668,33.737,-118.2923
812,33.9383,-118.263
354,33.9463,-118.235
354,34.2632,-118.431
121,34.3008,-118.4749
810,34.1521,-118.5594
354,34.2048,-118.3703
354,34.1036,-118.2267
440,33.9947,-118.4517
354,33.9789,-118.2795
420,33.7862,-118.2908
886,34.0744,-118.3711
354,33.9924,-118.2772
354,34.0238,-118.3669
740,34.2337,-118.4553
236,33.9983,-118.2762
341,34.143,-118.3768
236,34.0615,-118.2412
510,33.9374,-118.2784
845,34.118,-118.2489
354,33.989,-118.3308
354,34.2647,-118.4019
354,34.2066,-118.4341
341,34.0276,-118.2005
626,34.0476,-118.2477
354,34.229,-118.6084
354,34.0539,-118.2799
812,34.2692,-118.3166
354,34.1649,-118.3921
354,34.0167,-118.4382
354,34.0678,-118.3645
956,34.167,-118.5203
354,34.1015,-118.3434
812,33.9429,-118.2739
662,34.2306,-118.5885
354,33.9784,-118.263
815,33.9429,-118.2739
354,34.1866,-118.5011
954,34.031,-118.411
354,34.1493,-118.3682
354,34.0986,-118.388
627,34.288,-118.4971
420,34.2285,-118.4958
900,34.0385,-118.3213
354,34.1976,-118.4574
354,34.1812,-118.3921
354,34.1028,-118.3158
354,34.104,-118.3755
740,34.296,-118.5502
331,33.9428,-118.2784
236,34.0124,-118.4276
354,34.0177,-118.2525
354,34.0472,-118.3116
354,34.2966,-118.4644
354,34.1667,-118.402
354,34.2286,-118.3608
668,34.3045,-118.5155
354,33.9519,-118.2762
354,34.163,-118.3706
956,34.0408,-118.3115
354,33.9915,-118.2959
354,34.261,-118.4848
354,34.1739,-118.4334
354,34.098,-118.3237
354,34.0293,-118.2526
627,34.1939,-118.4924
354,33.9455,-118.287
121,34.2831,-118.5807
354,34.0228,-118.3002
330,34.0495,-118.2459
956,34.0649,-118.3525
745,34.0358,-118.2345
354,34.1036,-118.2983
860,34.1894,-118.5074
354,34.0275,-118.2915
626,34.0509,-118.2979
354,34.0688,-118.3552
860,34.0702,-118.2741
745,34.0509,-118.2937
940,34.2184,-118.4547
354,34.1903,-118.4399
440,34.0662,-118.3506
354,34.2102,-118.6355
354,34.0817,-118.3206
354,34.2068,-118.5197
354,34.2591,-118.5233
627,34.2393,-118.609
354,33.9618,-118.3025
310,33.9918,-118.4446
354,34.0011,-118.2718
668,33.9472,-118.3909
662,34.1719,-118.5682
626,33.9924,-118.272
121,33.9892,-118.3089
626,34.2854,-118.5601
341,34.0998,-118.3288
354,34.0171,-118.3329
354,34.0795,-118.2729
354,34.2184,-118.4547
354,34.1775,-118.536
812,33.9309,-118.2586
354,34.2427,-118.5976
354,34.0764,-118.5628
626,33.9718,-118.2783
354,33.8335,-118.3017
812,34.3063,-118.423
354,33.9455,-118.3093
956,33.7731,-118.2749
341,34.0999,-118.3643
354,34.0645,-118.2432
121,33.9943,-118.408
354,34.0487,-118.4426
310,33.8291,-118.3065
434,34.0634,-118.3657
354,34.272,-118.4978
666,34.0109,-118.3067
860,33.9456,-118.3797
354,34.1017,-118.3224
649,34.0982,-118.294
354,33.996,-118.3309
956,34.0121,-118.3423
121,33.9537,-118.2739
510,34.194,-118.3768
354,33.9628,-118.2739
354,34.2485,-118.2671
354,34.1723,-118.536
626,34.0593,-118.1959
354,34.0736,-118.3486
354,33.9756,-118.2739
354,34.1681,-118.3725
956,34.088,-118.1998
354,34.0569,-118.254
354,33.993,-118.2446
354,33.9637,-118.2651
354,34.2147,-118.5142
354,34.1537,-118.5905
354,33.9916,-118.2628
330,34.2389,-118.4449
354,34.0491,-118.2823
354,34.0599,-118.2426
341,34.1696,-118.6102
510,33.964,-118.2739
440,33.9826,-118.4681
354,33.9682,-118.3287
330,34.0104,-118.3398
510,33.9527,-118.3058
354,34.0799,-118.3034
354,34.1122,-118.2077
354,34.266,-118.3004
354,33.9991,-118.4721
354,33.9399,-118.2362
812,33.9884,-118.4177
420,34.1994,-118.4837
354,34.0513,-118.4659
354,34.0408,-118.2644
354,34.0821,-118.1811
354,34.0878,-118.2151
420,34.0689,-118.3419
845,34.118,-118.2489
354,34.2039,-118.5808
649,34.2012,-118.4444
354,33.9505,-118.3154
812,34.069,-118.3104
354,34.1907,-118.5753
354,34.2062,-118.5076
662,34.2754,-118.4782
354,34.1141,-118.2451
354,34.312,-118.4382
627,34.2139,-118.3703
354,33.996,-118.2565
510,34.0414,-118.3825
354,34.0419,-118.3572
354,33.7596,-118.2953
956,33.7897,-118.2787
354,33.9851,-118.2739
812,33.7442,-118.2901
624,34.2704,-118.4162
440,34.0642,-118.3091
354,34.1074,-118.3786
354,33.9863,-118.3264
354,34.0157,-118.2509
354,33.9563,-118.3069
815,33.9932,-118.2897
510,34.2537,-118.4698
815,34.1161,-118.271
354,34.1939,-118.4574
354,33.993,-118.2478
354,33.9718,-118.2765
354,34.0495,-118.3215
354,33.9861,-118.2696
624,34.2318,-118.5711
810,33.7297,-118.2858
354,34.2222,-118.5885
812,34.2246,-118.4654
440,34.0365,-118.3734
354,33.9786,-118.2761
354,34.0363,-118.5298
740,34.1794,-118.4094
956,34.2246,-118.5885
354,34.2552,-118.4225
354,34.0431,-118.2196
354,34.1,-118.2819
510,34.0284,-118.24
627,33.9993,-118.2432
354,34.1558,-118.4498
354,34.1395,-118.4051
354,34.0467,-118.252
354,34.2653,-118.4269
354,34.2143,-118.5534
354,34.0526,-118.3004
354,34.2607,-118.6025
310,34.1757,-118.4662
354,33.9356,-118.2652
354,33.9774,-118.2783
354,34.0269,-118.4037
354,34.0215,-118.3515
815,34.0726,-118.3029
354,34.001,-118.2766
510,34.0344,-118.2915
331,33.7932,-118.2659
354,34.0553,-118.3965
354,34.0559,-118.3066
662,33.9746,-118.3068
352,34.0276,-118.3293
354,34.0169,-118.2915
662,34.2107,-118.5754
354,34.215,-118.6503
626,33.9994,-118.2543
510,34.2103,-118.3943
236,34.0326,-118.3941
354,33.9818,-118.3221
354,34.0999,-118.3594
354,34.0017,-118.2838
235,34.212,-118.5754
354,34.1486,-118.4042
354,34.1867,-118.4117
354,34.0142,-118.2915
440,34.0853,-118.3288
354,34.0929,-118.3048
354,34.1896,-118.5515
220,34.0799,-118.3068
420,33.9451,-118.2482
649,34.0908,-118.3201
310,34.0394,-118.385
845,34.0522,-118.2434
121,34.0943,-118.3415
230,34.0818,-118.2917
121,34.1072,-118.277
668,33.9322,-118.37
354,34.2273,-118.4207
354,33.9789,-118.2795
661,34.1922,-118.366
740,34.2198,-118.4278
354,34.0667,-118.2729
354,33.9821,-118.3318
354,34.0981,-118.3577
956,34.0737,-118.3029
440,34.1317,-118.3806
354,34.1226,-118.1753
341,34.0647,-118.43
510,33.9661,-118.2849
354,34.0133,-118.3487
354,33.9718,-118.3309
354,33.9542,-118.2684
810,33.9455,-118.309
654,34.2552,-118.5551
235,34.0685,-118.2843
330,34.1792,-118.5904
310,34.1903,-118.4676
661,34.2392,-118.5696
330,34.2554,-118.5361
354,33.8907,-118.2916
956,34.1849,-118.412
236,33.9888,-118.4746
330,34.0935,-118.1856
648,34.23,-118.442
956,34.0998,-118.349
845,33.9645,-118.2827
354,34.2944,-118.451
354,34.0709,-118.2941
845,34.0448,-118.2474
121,34.1902,-118.5335
845,34.118,-118.2489
354,34.2066,-118.4815
354,34.0983,-118.2436
354,33.9527,-118.3058
354,34.073,-118.2513
354,34.2286,-118.5885
624,34.0635,-118.311
354,34.1797,-118.4014
442,34.0981,-118.3103
354,34.0577,-118.2941
354,34.0466,-118.259
821,34.1758,-118.3643
354,34.0894,-118.4418
354,34.0328,-118.323
354,34.1039,-118.2014
740,34.193,-118.4378
354,34.0613,-118.2765
354,34.3184,-118.467
812,34.1817,-118.4509
510,34.0172,-118.4148
626,34.0123,-118.4328
354,34.0559,-118.3042
354,33.9669,-118.2813
310,34.2319,-118.5425
354,34.0564,-118.3131
354,34.1611,-118.3723
922,34.2177,-118.5317
354,34.2457,-118.385
354,34.0506,-118.3127
649,34.046,-118.4652
354,34.1034,-118.3325
510,22,338
